Using pre-set license
Built from '2021.3/staging' branch; Version is '2021.3.31f1 (3409e2af086f) revision 3410402'; Using compiler version '192829333'; Build Type 'Release'
OS: 'Windows 11  (10.0.22621) 64bit Core' Language: 'en' Physical Memory: 32581 MB
BatchMode: 1, IsHumanControllingUs: 0, StartBugReporterOnCrash: 0, Is64bit: 1, IsPro: 1

COMMAND LINE ARGUMENTS:
C:\Program Files\Unity\Hub\Editor\2021.3.31f1\Editor\Unity.exe
-adb2
-batchMode
-noUpm
-name
AssetImportWorker10
-projectPath
C:/Users/fyivg/Ruby's Adventure Assignment
-logFile
Logs/AssetImportWorker10.log
-srvPort
55666
Successfully changed project path to: C:/Users/fyivg/Ruby's Adventure Assignment
C:/Users/fyivg/Ruby's Adventure Assignment
[UnityMemory] Configuration Parameters - Can be set up in boot.config
    "memorysetup-bucket-allocator-granularity=16"
    "memorysetup-bucket-allocator-bucket-count=8"
    "memorysetup-bucket-allocator-block-size=33554432"
    "memorysetup-bucket-allocator-block-count=8"
    "memorysetup-main-allocator-block-size=16777216"
    "memorysetup-thread-allocator-block-size=16777216"
    "memorysetup-gfx-main-allocator-block-size=16777216"
    "memorysetup-gfx-thread-allocator-block-size=16777216"
    "memorysetup-cache-allocator-block-size=4194304"
    "memorysetup-typetree-allocator-block-size=2097152"
    "memorysetup-profiler-bucket-allocator-granularity=16"
    "memorysetup-profiler-bucket-allocator-bucket-count=8"
    "memorysetup-profiler-bucket-allocator-block-size=33554432"
    "memorysetup-profiler-bucket-allocator-block-count=8"
    "memorysetup-profiler-allocator-block-size=16777216"
    "memorysetup-profiler-editor-allocator-block-size=1048576"
    "memorysetup-temp-allocator-size-main=16777216"
    "memorysetup-job-temp-allocator-block-size=2097152"
    "memorysetup-job-temp-allocator-block-size-background=1048576"
    "memorysetup-job-temp-allocator-reduction-small-platforms=262144"
    "memorysetup-temp-allocator-size-background-worker=32768"
    "memorysetup-temp-allocator-size-job-worker=262144"
    "memorysetup-temp-allocator-size-preload-manager=33554432"
    "memorysetup-temp-allocator-size-nav-mesh-worker=65536"
    "memorysetup-temp-allocator-size-audio-worker=65536"
    "memorysetup-temp-allocator-size-cloud-worker=32768"
    "memorysetup-temp-allocator-size-gi-baking-worker=262144"
    "memorysetup-temp-allocator-size-gfx=262144"
Player connection [33772] Host "[IP] 10.40.53.31 [Port] 0 [Flags] 2 [Guid] 1680913425 [EditorId] 1680913425 [Version] 1048832 [Id] WindowsEditor(7,Jonathan) [Debug] 1 [PackageName] WindowsEditor [ProjectName] Editor" joined multi-casting on [225.0.0.222:54997]...

Player connection [33772] Host "[IP] 10.40.53.31 [Port] 0 [Flags] 2 [Guid] 1680913425 [EditorId] 1680913425 [Version] 1048832 [Id] WindowsEditor(7,Jonathan) [Debug] 1 [PackageName] WindowsEditor [ProjectName] Editor" joined alternative multi-casting on [225.0.0.222:34997]...

[Physics::Module] Initialized MultithreadedJobDispatcher with {0} workers.
Refreshing native plugins compatible for Editor in 61.92 ms, found 4 plugins.
Preloading 0 native plugins for Editor in 0.00 ms.
Initialize engine version: 2021.3.31f1 (3409e2af086f)
[Subsystems] Discovering subsystems at path C:/Program Files/Unity/Hub/Editor/2021.3.31f1/Editor/Data/Resources/UnitySubsystems
[Subsystems] Discovering subsystems at path C:/Users/fyivg/Ruby's Adventure Assignment/Assets
GfxDevice: creating device client; threaded=0; jobified=0
Direct3D:
    Version:  Direct3D 11.0 [level 11.1]
    Renderer: NVIDIA GeForce RTX 3060 (ID=0x2504)
    Vendor:   NVIDIA
    VRAM:     12129 MB
    Driver:   31.0.15.3179
Initialize mono
Mono path[0] = 'C:/Program Files/Unity/Hub/Editor/2021.3.31f1/Editor/Data/Managed'
Mono path[1] = 'C:/Program Files/Unity/Hub/Editor/2021.3.31f1/Editor/Data/MonoBleedingEdge/lib/mono/unityjit-win32'
Mono config path = 'C:/Program Files/Unity/Hub/Editor/2021.3.31f1/Editor/Data/MonoBleedingEdge/etc'
Using monoOptions --debugger-agent=transport=dt_socket,embedding=1,server=y,suspend=n,address=127.0.0.1:56560
Begin MonoManager ReloadAssembly
Registering precompiled unity dll's ...
Register platform support module: C:/Program Files/Unity/Hub/Editor/2021.3.31f1/Editor/Data/PlaybackEngines/WindowsStandaloneSupport/UnityEditor.WindowsStandalone.Extensions.dll
Registered in 0.003303 seconds.
Native extension for WindowsStandalone target not found
Refreshing native plugins compatible for Editor in 63.61 ms, found 4 plugins.
Preloading 0 native plugins for Editor in 0.00 ms.
Mono: successfully reloaded assembly
- Completed reload, in  0.409 seconds
Domain Reload Profiling:
	ReloadAssembly (410ms)
		BeginReloadAssembly (60ms)
			ExecutionOrderSort (0ms)
			DisableScriptedObjects (0ms)
			BackupInstance (0ms)
			ReleaseScriptingObjects (0ms)
			CreateAndSetChildDomain (0ms)
		EndReloadAssembly (291ms)
			LoadAssemblies (58ms)
			RebuildTransferFunctionScriptingTraits (0ms)
			SetupTypeCache (65ms)
			ReleaseScriptCaches (0ms)
			RebuildScriptCaches (16ms)
			SetupLoadedEditorAssemblies (184ms)
				LogAssemblyErrors (0ms)
				InitializePlatformSupportModulesInManaged (5ms)
				SetLoadedEditorAssemblies (0ms)
				RefreshPlugins (64ms)
				BeforeProcessingInitializeOnLoad (1ms)
				ProcessInitializeOnLoadAttributes (85ms)
				ProcessInitializeOnLoadMethodAttributes (29ms)
				AfterProcessingInitializeOnLoad (0ms)
				EditorAssembliesLoaded (0ms)
			ExecutionOrderSort2 (0ms)
			AwakeInstancesAfterBackupRestoration (0ms)
Platform modules already initialized, skipping
Registering precompiled user dll's ...
Registered in 0.004312 seconds.
Begin MonoManager ReloadAssembly
Native extension for WindowsStandalone target not found
Refreshing native plugins compatible for Editor in 65.86 ms, found 4 plugins.
Preloading 0 native plugins for Editor in 0.00 ms.
Package Manager log level set to [2]
[Package Manager] Server::EnsureServerProcessIsRunning -- launch failed, reason: Unity was launched with the -noUpm command-line argument
[Package Manager] Cannot connect to Unity Package Manager local server
Mono: successfully reloaded assembly
- Completed reload, in  1.133 seconds
Domain Reload Profiling:
	ReloadAssembly (1133ms)
		BeginReloadAssembly (84ms)
			ExecutionOrderSort (0ms)
			DisableScriptedObjects (4ms)
			BackupInstance (0ms)
			ReleaseScriptingObjects (0ms)
			CreateAndSetChildDomain (12ms)
		EndReloadAssembly (982ms)
			LoadAssemblies (70ms)
			RebuildTransferFunctionScriptingTraits (0ms)
			SetupTypeCache (162ms)
			ReleaseScriptCaches (0ms)
			RebuildScriptCaches (40ms)
			SetupLoadedEditorAssemblies (698ms)
				LogAssemblyErrors (0ms)
				InitializePlatformSupportModulesInManaged (3ms)
				SetLoadedEditorAssemblies (0ms)
				RefreshPlugins (66ms)
				BeforeProcessingInitializeOnLoad (66ms)
				ProcessInitializeOnLoadAttributes (498ms)
				ProcessInitializeOnLoadMethodAttributes (60ms)
				AfterProcessingInitializeOnLoad (5ms)
				EditorAssembliesLoaded (0ms)
			ExecutionOrderSort2 (0ms)
			AwakeInstancesAfterBackupRestoration (4ms)
Platform modules already initialized, skipping
========================================================================
Worker process is ready to serve import requests
Launched and connected shader compiler UnityShaderCompiler.exe after 0.02 seconds
Refreshing native plugins compatible for Editor in 0.69 ms, found 4 plugins.
Preloading 0 native plugins for Editor in 0.00 ms.
Unloading 5244 Unused Serialized files (Serialized files now loaded: 0)
Unloading 41 unused Assets / (0.7 MB). Loaded Objects now: 5698.
Memory consumption went from 205.0 MB to 204.3 MB.
Total: 2.249300 ms (FindLiveObjects: 0.257200 ms CreateObjectMapping: 0.105900 ms MarkObjects: 1.706600 ms  DeleteObjects: 0.179000 ms)

AssetImportParameters requested are different than current active one (requested -> active):
  custom:video-decoder-ogg-theora: a1e56fd34408186e4bbccfd4996cb3dc -> 
  custom:container-muxer-webm: aa71ff27fc2769a1b78a27578f13a17b -> 
  custom:container-demuxer-webm: 4f35f7cbe854078d1ac9338744f61a02 -> 
  custom:video-encoder-webm-vp8: eb34c28f22e8b96e1ab97ce403110664 -> 
  custom:video-codec-MediaFoundation-h265: 746d11721c4dcdbdad8f713fa42b33f4 -> 
  custom:CustomObjectIndexerAttribute: 6b0e35c9178b02a6363f3721b7b8e397 -> 
  custom:audio-encoder-webm-vorbis: bf7c407c2cedff20999df2af8eb42d56 -> 
  custom:framework-win-MediaFoundation: 216162199b28c13a410421893ffa2e32 -> 
  custom:SearchIndexIgnoredProperties: e643bd26f0fe6173181afceb89e7c659 -> 
  custom:container-demuxer-ogg: 62fdf1f143b41e24485cea50d1cbac27 -> 
  custom:video-decoder-webm-vp8: 9c59270c3fd7afecdb556c50c9e8de78 -> 
  custom:audio-decoder-ogg-vorbis: bf7c407c2cedff20999df2af8eb42d56 -> 
========================================================================
Received Import Request.
  Time since last request: 1070427.143318 seconds.
  path: Assets/2DBeginnerTutorialResources/Art/Tiles/FloorBricksToGrassCorner_4.asset
  artifactKey: Guid(b6d4fd15050b8be47832fcce2b8b3197) Importer(815301076,1909f56bfc062723c751e8b465ee728b)
Number of updated assets reloaded before import = 0
Start importing Assets/2DBeginnerTutorialResources/Art/Tiles/FloorBricksToGrassCorner_4.asset using Guid(b6d4fd15050b8be47832fcce2b8b3197) Importer(815301076,1909f56bfc062723c751e8b465ee728b)  -> (artifact id: '23eedf4b6cf28670b459dbe0e35ae39a') in 0.046360 seconds 
Number of asset objects unloaded after import = 3
========================================================================
Received Import Request.
  Time since last request: 0.000019 seconds.
  path: Assets/2DBeginnerTutorialResources/Art/Tiles/FloorBricksToGrassCorner_7.asset
  artifactKey: Guid(9bc499ff5ff323545a3deac31dfae007) Importer(815301076,1909f56bfc062723c751e8b465ee728b)
Number of updated assets reloaded before import = 0
Start importing Assets/2DBeginnerTutorialResources/Art/Tiles/FloorBricksToGrassCorner_7.asset using Guid(9bc499ff5ff323545a3deac31dfae007) Importer(815301076,1909f56bfc062723c751e8b465ee728b)  -> (artifact id: '29f0c6ba68730c56ea3831abcf514433') in 0.010508 seconds 
Number of asset objects unloaded after import = 3
========================================================================
Received Import Request.
  Time since last request: 57.171101 seconds.
  path: Assets/2DBeginnerTutorialResources/Art/Tiles/FloorBricksToGrassSquare_3.asset
  artifactKey: Guid(2c9a0f98c8285dc45aa089adde9aaf53) Importer(2089858483,0ecaa5967403d082aa24f35e1b516d23)
Number of updated assets reloaded before import = 0
Start importing Assets/2DBeginnerTutorialResources/Art/Tiles/FloorBricksToGrassSquare_3.asset using Guid(2c9a0f98c8285dc45aa089adde9aaf53) Importer(2089858483,0ecaa5967403d082aa24f35e1b516d23) Generated GUIDs only implemented for interfaces!
 -> (artifact id: 'fcd3c1ce0e225a801326e886eaa72548') in 0.107119 seconds 
Number of asset objects unloaded after import = 3
========================================================================
Received Import Request.
  Time since last request: 31.217428 seconds.
  path: Assets/2DBeginnerTutorialResources/Art/Tiles/FloorGrassToBricksCorner_2.asset
  artifactKey: Guid(5a718ca5e5f9e4740bb4891c0a5131c0) Importer(2089858483,0ecaa5967403d082aa24f35e1b516d23)
Number of updated assets reloaded before import = 0
Start importing Assets/2DBeginnerTutorialResources/Art/Tiles/FloorGrassToBricksCorner_2.asset using Guid(5a718ca5e5f9e4740bb4891c0a5131c0) Importer(2089858483,0ecaa5967403d082aa24f35e1b516d23) Generated GUIDs only implemented for interfaces!
 -> (artifact id: '21813721d8249c97b426a796df802130') in 0.013670 seconds 
Number of asset objects unloaded after import = 3
========================================================================
Received Import Request.
  Time since last request: 0.000010 seconds.
  path: Assets/2DBeginnerTutorialResources/Art/Tiles/FloorGrassToBricksCorner_0.asset
  artifactKey: Guid(2daaa24cd0924f948accb6c95ef8d943) Importer(2089858483,0ecaa5967403d082aa24f35e1b516d23)
Number of updated assets reloaded before import = 0
Start importing Assets/2DBeginnerTutorialResources/Art/Tiles/FloorGrassToBricksCorner_0.asset using Guid(2daaa24cd0924f948accb6c95ef8d943) Importer(2089858483,0ecaa5967403d082aa24f35e1b516d23) Generated GUIDs only implemented for interfaces!
 -> (artifact id: '0d5967afbe2e1c26f914f91133798b92') in 0.009616 seconds 
Number of asset objects unloaded after import = 3
========================================================================
Received Import Request.
  Time since last request: 25.642973 seconds.
  path: Assets/2DBeginnerTutorialResources/Art/Tiles/FloorGrassToBricksSquare_1.asset
  artifactKey: Guid(365fe8a7f5eacc44d9842f5e11ed1e95) Importer(2089858483,0ecaa5967403d082aa24f35e1b516d23)
Number of updated assets reloaded before import = 0
Start importing Assets/2DBeginnerTutorialResources/Art/Tiles/FloorGrassToBricksSquare_1.asset using Guid(365fe8a7f5eacc44d9842f5e11ed1e95) Importer(2089858483,0ecaa5967403d082aa24f35e1b516d23) Generated GUIDs only implemented for interfaces!
 -> (artifact id: '10976762d03807146b3151a3d227ed4b') in 0.012192 seconds 
Number of asset objects unloaded after import = 3
========================================================================
Received Import Request.
  Time since last request: 0.000018 seconds.
  path: Assets/2DBeginnerTutorialResources/Art/Tiles/FloorGrassToBricksSquare_6.asset
  artifactKey: Guid(eb5670371a1db0a4eb28fa05ed60288a) Importer(2089858483,0ecaa5967403d082aa24f35e1b516d23)
Number of updated assets reloaded before import = 0
Start importing Assets/2DBeginnerTutorialResources/Art/Tiles/FloorGrassToBricksSquare_6.asset using Guid(eb5670371a1db0a4eb28fa05ed60288a) Importer(2089858483,0ecaa5967403d082aa24f35e1b516d23) Generated GUIDs only implemented for interfaces!
 -> (artifact id: '3945f8415f6ea5fd426e2261a8490b2c') in 0.009976 seconds 
Number of asset objects unloaded after import = 3
========================================================================
Received Import Request.
  Time since last request: 16.631579 seconds.
  path: Assets/2DBeginnerTutorialResources/Art/Tiles/FloorWaterRoundCorners_7.asset
  artifactKey: Guid(5cea21f1411b97344bff1d0a74631277) Importer(2089858483,0ecaa5967403d082aa24f35e1b516d23)
Number of updated assets reloaded before import = 0
Start importing Assets/2DBeginnerTutorialResources/Art/Tiles/FloorWaterRoundCorners_7.asset using Guid(5cea21f1411b97344bff1d0a74631277) Importer(2089858483,0ecaa5967403d082aa24f35e1b516d23) Generated GUIDs only implemented for interfaces!
 -> (artifact id: 'ae1e8925ea970befc837258692648d2e') in 0.013070 seconds 
Number of asset objects unloaded after import = 3
========================================================================
Received Import Request.
  Time since last request: 0.000014 seconds.
  path: Assets/2DBeginnerTutorialResources/Art/Tiles/FloorWaterRoundCorners_0.asset
  artifactKey: Guid(b1f7876ee7cb6864a8ca42fee098d56f) Importer(2089858483,0ecaa5967403d082aa24f35e1b516d23)
Number of updated assets reloaded before import = 0
Start importing Assets/2DBeginnerTutorialResources/Art/Tiles/FloorWaterRoundCorners_0.asset using Guid(b1f7876ee7cb6864a8ca42fee098d56f) Importer(2089858483,0ecaa5967403d082aa24f35e1b516d23) Generated GUIDs only implemented for interfaces!
 -> (artifact id: '6a4486af285282aff3e93269cc2b9873') in 0.009934 seconds 
Number of asset objects unloaded after import = 3
========================================================================
Received Import Request.
  Time since last request: 21.984889 seconds.
  path: Assets/2DBeginnerTutorialResources/Art/Tiles/FloorWaterSquareCorners_0.asset
  artifactKey: Guid(8c4cf078cd9a51d4bb32b950ada40b3a) Importer(2089858483,0ecaa5967403d082aa24f35e1b516d23)
Number of updated assets reloaded before import = 0
Start importing Assets/2DBeginnerTutorialResources/Art/Tiles/FloorWaterSquareCorners_0.asset using Guid(8c4cf078cd9a51d4bb32b950ada40b3a) Importer(2089858483,0ecaa5967403d082aa24f35e1b516d23) Generated GUIDs only implemented for interfaces!
 -> (artifact id: '37bdfa01e998ceeb64841807781bb6fe') in 0.012794 seconds 
Number of asset objects unloaded after import = 3
========================================================================
Received Import Request.
  Time since last request: 0.000010 seconds.
  path: Assets/2DBeginnerTutorialResources/Art/Tiles/FloorWaterSquareCorners_1.asset
  artifactKey: Guid(c568aaf3b6f14b3468fcdaf38b5894c3) Importer(2089858483,0ecaa5967403d082aa24f35e1b516d23)
Number of updated assets reloaded before import = 0
Start importing Assets/2DBeginnerTutorialResources/Art/Tiles/FloorWaterSquareCorners_1.asset using Guid(c568aaf3b6f14b3468fcdaf38b5894c3) Importer(2089858483,0ecaa5967403d082aa24f35e1b516d23) Generated GUIDs only implemented for interfaces!
 -> (artifact id: '6c0882df419f2a166ab97bc08a055c91') in 0.012785 seconds 
Number of asset objects unloaded after import = 3
========================================================================
Received Prepare
Registering precompiled user dll's ...
Registered in 0.003601 seconds.
Begin MonoManager ReloadAssembly
Native extension for WindowsStandalone target not found
Refreshing native plugins compatible for Editor in 0.49 ms, found 4 plugins.
Preloading 0 native plugins for Editor in 0.00 ms.
[Package Manager] Server::EnsureServerProcessIsRunning -- launch failed, reason: Unity was launched with the -noUpm command-line argument
[Package Manager] Cannot connect to Unity Package Manager local server
Mono: successfully reloaded assembly
- Completed reload, in  1.183 seconds
Domain Reload Profiling:
	ReloadAssembly (1184ms)
		BeginReloadAssembly (193ms)
			ExecutionOrderSort (0ms)
			DisableScriptedObjects (4ms)
			BackupInstance (0ms)
			ReleaseScriptingObjects (0ms)
			CreateAndSetChildDomain (30ms)
		EndReloadAssembly (908ms)
			LoadAssemblies (158ms)
			RebuildTransferFunctionScriptingTraits (0ms)
			SetupTypeCache (237ms)
			ReleaseScriptCaches (1ms)
			RebuildScriptCaches (26ms)
			SetupLoadedEditorAssemblies (572ms)
				LogAssemblyErrors (0ms)
				InitializePlatformSupportModulesInManaged (3ms)
				SetLoadedEditorAssemblies (0ms)
				RefreshPlugins (1ms)
				BeforeProcessingInitializeOnLoad (48ms)
				ProcessInitializeOnLoadAttributes (465ms)
				ProcessInitializeOnLoadMethodAttributes (50ms)
				AfterProcessingInitializeOnLoad (4ms)
				EditorAssembliesLoaded (0ms)
			ExecutionOrderSort2 (0ms)
			AwakeInstancesAfterBackupRestoration (4ms)
Platform modules already initialized, skipping
Refreshing native plugins compatible for Editor in 0.59 ms, found 4 plugins.
Preloading 0 native plugins for Editor in 0.00 ms.
Unloading 5163 Unused Serialized files (Serialized files now loaded: 0)
Unloading 30 unused Assets / (0.7 MB). Loaded Objects now: 5704.
Memory consumption went from 197.1 MB to 196.4 MB.
Total: 2.399800 ms (FindLiveObjects: 0.252800 ms CreateObjectMapping: 0.103100 ms MarkObjects: 1.858900 ms  DeleteObjects: 0.184100 ms)

AssetImportParameters requested are different than current active one (requested -> active):
  custom:video-decoder-ogg-theora: a1e56fd34408186e4bbccfd4996cb3dc -> 
  custom:container-muxer-webm: aa71ff27fc2769a1b78a27578f13a17b -> 
  custom:container-demuxer-webm: 4f35f7cbe854078d1ac9338744f61a02 -> 
  custom:video-encoder-webm-vp8: eb34c28f22e8b96e1ab97ce403110664 -> 
  custom:video-codec-MediaFoundation-h265: 746d11721c4dcdbdad8f713fa42b33f4 -> 
  custom:CustomObjectIndexerAttribute: 6b0e35c9178b02a6363f3721b7b8e397 -> 
  custom:audio-encoder-webm-vorbis: bf7c407c2cedff20999df2af8eb42d56 -> 
  custom:framework-win-MediaFoundation: 216162199b28c13a410421893ffa2e32 -> 
  custom:SearchIndexIgnoredProperties: e643bd26f0fe6173181afceb89e7c659 -> 
  custom:container-demuxer-ogg: 62fdf1f143b41e24485cea50d1cbac27 -> 
  custom:video-decoder-webm-vp8: 9c59270c3fd7afecdb556c50c9e8de78 -> 
  custom:audio-decoder-ogg-vorbis: bf7c407c2cedff20999df2af8eb42d56 -> 
========================================================================
Received Prepare
Registering precompiled user dll's ...
Registered in 0.004445 seconds.
Begin MonoManager ReloadAssembly
Native extension for WindowsStandalone target not found
Refreshing native plugins compatible for Editor in 0.54 ms, found 4 plugins.
Preloading 0 native plugins for Editor in 0.00 ms.
[Package Manager] Server::EnsureServerProcessIsRunning -- launch failed, reason: Unity was launched with the -noUpm command-line argument
[Package Manager] Cannot connect to Unity Package Manager local server
Mono: successfully reloaded assembly
- Completed reload, in  1.039 seconds
Domain Reload Profiling:
	ReloadAssembly (1039ms)
		BeginReloadAssembly (102ms)
			ExecutionOrderSort (0ms)
			DisableScriptedObjects (4ms)
			BackupInstance (0ms)
			ReleaseScriptingObjects (0ms)
			CreateAndSetChildDomain (23ms)
		EndReloadAssembly (878ms)
			LoadAssemblies (73ms)
			RebuildTransferFunctionScriptingTraits (0ms)
			SetupTypeCache (166ms)
			ReleaseScriptCaches (1ms)
			RebuildScriptCaches (33ms)
			SetupLoadedEditorAssemblies (595ms)
				LogAssemblyErrors (0ms)
				InitializePlatformSupportModulesInManaged (4ms)
				SetLoadedEditorAssemblies (0ms)
				RefreshPlugins (1ms)
				BeforeProcessingInitializeOnLoad (58ms)
				ProcessInitializeOnLoadAttributes (473ms)
				ProcessInitializeOnLoadMethodAttributes (55ms)
				AfterProcessingInitializeOnLoad (4ms)
				EditorAssembliesLoaded (0ms)
			ExecutionOrderSort2 (0ms)
			AwakeInstancesAfterBackupRestoration (4ms)
Platform modules already initialized, skipping
Refreshing native plugins compatible for Editor in 0.69 ms, found 4 plugins.
Preloading 0 native plugins for Editor in 0.00 ms.
Unloading 5163 Unused Serialized files (Serialized files now loaded: 0)
Unloading 30 unused Assets / (0.7 MB). Loaded Objects now: 5707.
Memory consumption went from 197.1 MB to 196.4 MB.
Total: 2.063200 ms (FindLiveObjects: 0.232500 ms CreateObjectMapping: 0.081900 ms MarkObjects: 1.571700 ms  DeleteObjects: 0.176600 ms)

AssetImportParameters requested are different than current active one (requested -> active):
  custom:video-decoder-ogg-theora: a1e56fd34408186e4bbccfd4996cb3dc -> 
  custom:container-muxer-webm: aa71ff27fc2769a1b78a27578f13a17b -> 
  custom:container-demuxer-webm: 4f35f7cbe854078d1ac9338744f61a02 -> 
  custom:video-encoder-webm-vp8: eb34c28f22e8b96e1ab97ce403110664 -> 
  custom:video-codec-MediaFoundation-h265: 746d11721c4dcdbdad8f713fa42b33f4 -> 
  custom:CustomObjectIndexerAttribute: 6b0e35c9178b02a6363f3721b7b8e397 -> 
  custom:audio-encoder-webm-vorbis: bf7c407c2cedff20999df2af8eb42d56 -> 
  custom:framework-win-MediaFoundation: 216162199b28c13a410421893ffa2e32 -> 
  custom:SearchIndexIgnoredProperties: e643bd26f0fe6173181afceb89e7c659 -> 
  custom:container-demuxer-ogg: 62fdf1f143b41e24485cea50d1cbac27 -> 
  custom:video-decoder-webm-vp8: 9c59270c3fd7afecdb556c50c9e8de78 -> 
  custom:audio-decoder-ogg-vorbis: bf7c407c2cedff20999df2af8eb42d56 -> 
========================================================================
Received Import Request.
  Time since last request: 578.941019 seconds.
  path: Assets/2DBeginnerTutorialResources/Art/Tiles/FloorBricksToGrassSquare_1.asset
  artifactKey: Guid(ea2b364784d4e224c91c1fc43fc7a734) Importer(815301076,1909f56bfc062723c751e8b465ee728b)
Number of updated assets reloaded before import = 0
Start importing Assets/2DBeginnerTutorialResources/Art/Tiles/FloorBricksToGrassSquare_1.asset using Guid(ea2b364784d4e224c91c1fc43fc7a734) Importer(815301076,1909f56bfc062723c751e8b465ee728b)  -> (artifact id: '2664b3021d0aaed1cb5ddc6139480b2e') in 0.041640 seconds 
Number of asset objects unloaded after import = 3
========================================================================
Received Import Request.
  Time since last request: 0.000015 seconds.
  path: Assets/2DBeginnerTutorialResources/Art/Tiles/FloorBricksToGrassSquare_8.asset
  artifactKey: Guid(7104772b4bf0d8a498ae2472f7d4f1bc) Importer(815301076,1909f56bfc062723c751e8b465ee728b)
Number of updated assets reloaded before import = 0
Start importing Assets/2DBeginnerTutorialResources/Art/Tiles/FloorBricksToGrassSquare_8.asset using Guid(7104772b4bf0d8a498ae2472f7d4f1bc) Importer(815301076,1909f56bfc062723c751e8b465ee728b)  -> (artifact id: '6d187504cf2e617cac9377d9d7fafcc2') in 0.010591 seconds 
Number of asset objects unloaded after import = 3
========================================================================
Received Import Request.
  Time since last request: 0.000012 seconds.
  path: Assets/2DBeginnerTutorialResources/Art/Tiles/FloorWaterRoundCorners_6.asset
  artifactKey: Guid(661b24026a951a7479ca9b41661b24b7) Importer(815301076,1909f56bfc062723c751e8b465ee728b)
Number of updated assets reloaded before import = 0
Start importing Assets/2DBeginnerTutorialResources/Art/Tiles/FloorWaterRoundCorners_6.asset using Guid(661b24026a951a7479ca9b41661b24b7) Importer(815301076,1909f56bfc062723c751e8b465ee728b)  -> (artifact id: '9738fc82e66baa36bd0c247e26f605d7') in 0.007998 seconds 
Number of asset objects unloaded after import = 3
========================================================================
Received Import Request.
  Time since last request: 0.000011 seconds.
  path: Assets/2DBeginnerTutorialResources/Art/Tiles/FloorWaterSquareCorners_3.asset
  artifactKey: Guid(c6ed0a1bcb1d0634c8545c3c752f43fc) Importer(815301076,1909f56bfc062723c751e8b465ee728b)
Number of updated assets reloaded before import = 0
Start importing Assets/2DBeginnerTutorialResources/Art/Tiles/FloorWaterSquareCorners_3.asset using Guid(c6ed0a1bcb1d0634c8545c3c752f43fc) Importer(815301076,1909f56bfc062723c751e8b465ee728b)  -> (artifact id: '95fade67dbf76b762d12f8001cd44e8e') in 0.007730 seconds 
Number of asset objects unloaded after import = 3
========================================================================
Received Import Request.
  Time since last request: 0.000012 seconds.
  path: Assets/2DBeginnerTutorialResources/Art/Tiles/FloorWaterRoundCorners_0.asset
  artifactKey: Guid(b1f7876ee7cb6864a8ca42fee098d56f) Importer(815301076,1909f56bfc062723c751e8b465ee728b)
Number of updated assets reloaded before import = 0
Start importing Assets/2DBeginnerTutorialResources/Art/Tiles/FloorWaterRoundCorners_0.asset using Guid(b1f7876ee7cb6864a8ca42fee098d56f) Importer(815301076,1909f56bfc062723c751e8b465ee728b)  -> (artifact id: 'a64855b3b777f92fab1b752dbd1a12ef') in 0.007921 seconds 
Number of asset objects unloaded after import = 3
========================================================================
Received Import Request.
  Time since last request: 0.000017 seconds.
  path: Assets/2DBeginnerTutorialResources/Art/Tiles/FloorGrassToBricksCorner_8.asset
  artifactKey: Guid(a8db7c3776f68b24fb7a7a64d8b854a9) Importer(815301076,1909f56bfc062723c751e8b465ee728b)
Number of updated assets reloaded before import = 0
Start importing Assets/2DBeginnerTutorialResources/Art/Tiles/FloorGrassToBricksCorner_8.asset using Guid(a8db7c3776f68b24fb7a7a64d8b854a9) Importer(815301076,1909f56bfc062723c751e8b465ee728b)  -> (artifact id: '384ec7b81189b318170c7d14094e03df') in 0.007998 seconds 
Number of asset objects unloaded after import = 3
========================================================================
Received Import Request.
  Time since last request: 0.000011 seconds.
  path: Assets/2DBeginnerTutorialResources/Art/Tiles/FloorGrassToBricksSquare_7.asset
  artifactKey: Guid(7d0ef13b3baad17479e33a796662f4d5) Importer(815301076,1909f56bfc062723c751e8b465ee728b)
Number of updated assets reloaded before import = 0
Start importing Assets/2DBeginnerTutorialResources/Art/Tiles/FloorGrassToBricksSquare_7.asset using Guid(7d0ef13b3baad17479e33a796662f4d5) Importer(815301076,1909f56bfc062723c751e8b465ee728b)  -> (artifact id: '714cd64e4c17b5eeeaaaee28e5e9c2b1') in 0.008184 seconds 
Number of asset objects unloaded after import = 3
========================================================================
Received Import Request.
  Time since last request: 0.000011 seconds.
  path: Assets/2DBeginnerTutorialResources/Art/Tiles/FloorGrassToBricksCorner_3.asset
  artifactKey: Guid(67e273a8bf71f3240a75ca9b0f8024bf) Importer(815301076,1909f56bfc062723c751e8b465ee728b)
Number of updated assets reloaded before import = 0
Start importing Assets/2DBeginnerTutorialResources/Art/Tiles/FloorGrassToBricksCorner_3.asset using Guid(67e273a8bf71f3240a75ca9b0f8024bf) Importer(815301076,1909f56bfc062723c751e8b465ee728b)  -> (artifact id: '1c61d858d6652480e5b91c2e45ef0ec0') in 0.008902 seconds 
Number of asset objects unloaded after import = 3
========================================================================
Received Import Request.
  Time since last request: 0.000013 seconds.
  path: Assets/2DBeginnerTutorialResources/Art/Tiles/FloorGrassToBricksSquare_6.asset
  artifactKey: Guid(eb5670371a1db0a4eb28fa05ed60288a) Importer(815301076,1909f56bfc062723c751e8b465ee728b)
Number of updated assets reloaded before import = 0
Start importing Assets/2DBeginnerTutorialResources/Art/Tiles/FloorGrassToBricksSquare_6.asset using Guid(eb5670371a1db0a4eb28fa05ed60288a) Importer(815301076,1909f56bfc062723c751e8b465ee728b)  -> (artifact id: 'f5dd00c7b914e7ea80e7bf046cd1f9ab') in 0.007773 seconds 
Number of asset objects unloaded after import = 3
========================================================================
Received Import Request.
  Time since last request: 0.000012 seconds.
  path: Assets/2DBeginnerTutorialResources/Art/Tiles/FloorGrassToBricksCorner_0.asset
  artifactKey: Guid(2daaa24cd0924f948accb6c95ef8d943) Importer(815301076,1909f56bfc062723c751e8b465ee728b)
Number of updated assets reloaded before import = 0
Start importing Assets/2DBeginnerTutorialResources/Art/Tiles/FloorGrassToBricksCorner_0.asset using Guid(2daaa24cd0924f948accb6c95ef8d943) Importer(815301076,1909f56bfc062723c751e8b465ee728b)  -> (artifact id: '845bce89ac907bbdd6706f34615bbae2') in 0.007787 seconds 
Number of asset objects unloaded after import = 3
========================================================================
Received Import Request.
  Time since last request: 0.000011 seconds.
  path: Assets/2DBeginnerTutorialResources/Art/Tiles/FloorWaterRoundCorners_7.asset
  artifactKey: Guid(5cea21f1411b97344bff1d0a74631277) Importer(815301076,1909f56bfc062723c751e8b465ee728b)
Number of updated assets reloaded before import = 0
Start importing Assets/2DBeginnerTutorialResources/Art/Tiles/FloorWaterRoundCorners_7.asset using Guid(5cea21f1411b97344bff1d0a74631277) Importer(815301076,1909f56bfc062723c751e8b465ee728b)  -> (artifact id: '391b92df2602f2561ac9b1d221364a7a') in 0.008878 seconds 
Number of asset objects unloaded after import = 3
========================================================================
Received Import Request.
  Time since last request: 0.000012 seconds.
  path: Assets/2DBeginnerTutorialResources/Art/Tiles/FloorGrassToBricksSquare_1.asset
  artifactKey: Guid(365fe8a7f5eacc44d9842f5e11ed1e95) Importer(815301076,1909f56bfc062723c751e8b465ee728b)
Number of updated assets reloaded before import = 0
Start importing Assets/2DBeginnerTutorialResources/Art/Tiles/FloorGrassToBricksSquare_1.asset using Guid(365fe8a7f5eacc44d9842f5e11ed1e95) Importer(815301076,1909f56bfc062723c751e8b465ee728b)  -> (artifact id: 'cbb22642550977e9176a3a8cb10eade3') in 0.008139 seconds 
Number of asset objects unloaded after import = 3
========================================================================
Received Import Request.
  Time since last request: 0.000011 seconds.
  path: Assets/2DBeginnerTutorialResources/Art/Tiles/FloorBricksToGrassSquare_2.asset
  artifactKey: Guid(29050cc0fd5f94a478c323a18e98c87b) Importer(815301076,1909f56bfc062723c751e8b465ee728b)
Number of updated assets reloaded before import = 0
Start importing Assets/2DBeginnerTutorialResources/Art/Tiles/FloorBricksToGrassSquare_2.asset using Guid(29050cc0fd5f94a478c323a18e98c87b) Importer(815301076,1909f56bfc062723c751e8b465ee728b)  -> (artifact id: 'f7629d2c39e3ca130d5fe6ab7f02bd84') in 0.007281 seconds 
Number of asset objects unloaded after import = 3
========================================================================
Received Import Request.
  Time since last request: 0.000011 seconds.
  path: Assets/2DBeginnerTutorialResources/Art/Tiles/FloorWaterSquareCorners_1.asset
  artifactKey: Guid(c568aaf3b6f14b3468fcdaf38b5894c3) Importer(815301076,1909f56bfc062723c751e8b465ee728b)
Number of updated assets reloaded before import = 0
Start importing Assets/2DBeginnerTutorialResources/Art/Tiles/FloorWaterSquareCorners_1.asset using Guid(c568aaf3b6f14b3468fcdaf38b5894c3) Importer(815301076,1909f56bfc062723c751e8b465ee728b)  -> (artifact id: '19e20fa7d01dc0baab713e8e52b4987a') in 0.008209 seconds 
Number of asset objects unloaded after import = 3
========================================================================
Received Import Request.
  Time since last request: 0.000011 seconds.
  path: Assets/2DBeginnerTutorialResources/Art/Tiles/FloorWaterSquareCorners_8.asset
  artifactKey: Guid(f0fd0b9fd280b724a9f58d5b6a2d8ce4) Importer(815301076,1909f56bfc062723c751e8b465ee728b)
Number of updated assets reloaded before import = 0
Start importing Assets/2DBeginnerTutorialResources/Art/Tiles/FloorWaterSquareCorners_8.asset using Guid(f0fd0b9fd280b724a9f58d5b6a2d8ce4) Importer(815301076,1909f56bfc062723c751e8b465ee728b)  -> (artifact id: '94e6756bc9de7a67e00a66bcbdd88c17') in 0.008430 seconds 
Number of asset objects unloaded after import = 3
========================================================================
Received Import Request.
  Time since last request: 0.000011 seconds.
  path: Assets/2DBeginnerTutorialResources/Art/Tiles/FloorGrassToBricksCorner_1.asset
  artifactKey: Guid(85b851a3f108ba548ba4ba00ebb49f06) Importer(815301076,1909f56bfc062723c751e8b465ee728b)
Number of updated assets reloaded before import = 0
Start importing Assets/2DBeginnerTutorialResources/Art/Tiles/FloorGrassToBricksCorner_1.asset using Guid(85b851a3f108ba548ba4ba00ebb49f06) Importer(815301076,1909f56bfc062723c751e8b465ee728b)  -> (artifact id: '4bcd150c9521a4ad3885ce667b115cde') in 0.008401 seconds 
Number of asset objects unloaded after import = 3
========================================================================
Received Import Request.
  Time since last request: 0.000010 seconds.
  path: Assets/2DBeginnerTutorialResources/Art/Tiles/FloorGrassToBricksSquare_0.asset
  artifactKey: Guid(da8c2143f0220e9499492c672839ca03) Importer(815301076,1909f56bfc062723c751e8b465ee728b)
Number of updated assets reloaded before import = 0
Start importing Assets/2DBeginnerTutorialResources/Art/Tiles/FloorGrassToBricksSquare_0.asset using Guid(da8c2143f0220e9499492c672839ca03) Importer(815301076,1909f56bfc062723c751e8b465ee728b)  -> (artifact id: '40a18ce078837308c287a2c5b7124b5a') in 0.009542 seconds 
Number of asset objects unloaded after import = 3
========================================================================
Received Import Request.
  Time since last request: 0.000012 seconds.
  path: Assets/2DBeginnerTutorialResources/Art/Tiles/FloorGrassToBricksSquare_2.asset
  artifactKey: Guid(27c930401b71d94459a076bb0b328f59) Importer(815301076,1909f56bfc062723c751e8b465ee728b)
Number of updated assets reloaded before import = 0
Start importing Assets/2DBeginnerTutorialResources/Art/Tiles/FloorGrassToBricksSquare_2.asset using Guid(27c930401b71d94459a076bb0b328f59) Importer(815301076,1909f56bfc062723c751e8b465ee728b)  -> (artifact id: 'd94fb74c64dcf9dc6bb9d48981d0b1da') in 0.008999 seconds 
Number of asset objects unloaded after import = 3
========================================================================
Received Import Request.
  Time since last request: 0.000017 seconds.
  path: Assets/2DBeginnerTutorialResources/Art/Tiles/FloorWaterRoundCorners_5.asset
  artifactKey: Guid(657ced01111e25149ba181622239697d) Importer(815301076,1909f56bfc062723c751e8b465ee728b)
Number of updated assets reloaded before import = 0
Start importing Assets/2DBeginnerTutorialResources/Art/Tiles/FloorWaterRoundCorners_5.asset using Guid(657ced01111e25149ba181622239697d) Importer(815301076,1909f56bfc062723c751e8b465ee728b)  -> (artifact id: 'a4d0d550b1b6d35d1fe9375cba4b204e') in 0.010826 seconds 
Number of asset objects unloaded after import = 3
========================================================================
Received Import Request.
  Time since last request: 0.000013 seconds.
  path: Assets/2DBeginnerTutorialResources/Art/Tiles/FloorWaterSquareCorners_2.asset
  artifactKey: Guid(2927f008d5d3b0d45a249b86ef4f9653) Importer(815301076,1909f56bfc062723c751e8b465ee728b)
Number of updated assets reloaded before import = 0
Start importing Assets/2DBeginnerTutorialResources/Art/Tiles/FloorWaterSquareCorners_2.asset using Guid(2927f008d5d3b0d45a249b86ef4f9653) Importer(815301076,1909f56bfc062723c751e8b465ee728b)  -> (artifact id: 'a2c8092bdc99ec6aedce4fe16092eafb') in 0.008149 seconds 
Number of asset objects unloaded after import = 3
========================================================================
Received Import Request.
  Time since last request: 0.000011 seconds.
  path: Assets/2DBeginnerTutorialResources/Art/Tiles/FloorGrassToBricksCorner_6.asset
  artifactKey: Guid(9f6351c6092e0c648a25d1048f653517) Importer(815301076,1909f56bfc062723c751e8b465ee728b)
Number of updated assets reloaded before import = 0
Start importing Assets/2DBeginnerTutorialResources/Art/Tiles/FloorGrassToBricksCorner_6.asset using Guid(9f6351c6092e0c648a25d1048f653517) Importer(815301076,1909f56bfc062723c751e8b465ee728b)  -> (artifact id: '7d0c60f696d41d4f3c6c335a46320c4e') in 0.008612 seconds 
Number of asset objects unloaded after import = 3
========================================================================
Received Import Request.
  Time since last request: 0.000011 seconds.
  path: Assets/2DBeginnerTutorialResources/Art/Tiles/FloorWaterRoundCorners_1.asset
  artifactKey: Guid(9709bc229013aa14cadac53b50aae4a6) Importer(815301076,1909f56bfc062723c751e8b465ee728b)
Number of updated assets reloaded before import = 0
Start importing Assets/2DBeginnerTutorialResources/Art/Tiles/FloorWaterRoundCorners_1.asset using Guid(9709bc229013aa14cadac53b50aae4a6) Importer(815301076,1909f56bfc062723c751e8b465ee728b)  -> (artifact id: 'ae98c337e8f8a468e9ec3c6505520dcf') in 0.008633 seconds 
Number of asset objects unloaded after import = 3
========================================================================
Received Import Request.
  Time since last request: 0.000015 seconds.
  path: Assets/2DBeginnerTutorialResources/Art/Tiles/FloorGrassToBricksCorner_4.asset
  artifactKey: Guid(f01e33a92e7992f4d8a3b49d7361ee78) Importer(815301076,1909f56bfc062723c751e8b465ee728b)
Number of updated assets reloaded before import = 0
Start importing Assets/2DBeginnerTutorialResources/Art/Tiles/FloorGrassToBricksCorner_4.asset using Guid(f01e33a92e7992f4d8a3b49d7361ee78) Importer(815301076,1909f56bfc062723c751e8b465ee728b)  -> (artifact id: '5db96bcf0db1d0f46f95b0ae4fb35f00') in 0.009059 seconds 
Number of asset objects unloaded after import = 3
========================================================================
Received Import Request.
  Time since last request: 0.000019 seconds.
  path: Assets/2DBeginnerTutorialResources/Art/Tiles/FloorWaterSquareCorners_4.asset
  artifactKey: Guid(582c95ec036bec94dbce43c8ed239ca7) Importer(815301076,1909f56bfc062723c751e8b465ee728b)
Number of updated assets reloaded before import = 0
Start importing Assets/2DBeginnerTutorialResources/Art/Tiles/FloorWaterSquareCorners_4.asset using Guid(582c95ec036bec94dbce43c8ed239ca7) Importer(815301076,1909f56bfc062723c751e8b465ee728b)  -> (artifact id: 'ce1d7ae1f3623f76a29bd243169c719a') in 0.008629 seconds 
Number of asset objects unloaded after import = 3
========================================================================
Received Import Request.
  Time since last request: 0.000013 seconds.
  path: Assets/2DBeginnerTutorialResources/Art/Tiles/FloorGrassToBricksCorner_5.asset
  artifactKey: Guid(43dd3b230c831f845a841297ab8c2447) Importer(815301076,1909f56bfc062723c751e8b465ee728b)
Number of updated assets reloaded before import = 0
Start importing Assets/2DBeginnerTutorialResources/Art/Tiles/FloorGrassToBricksCorner_5.asset using Guid(43dd3b230c831f845a841297ab8c2447) Importer(815301076,1909f56bfc062723c751e8b465ee728b)  -> (artifact id: '32fa68aed67711f12777c730d4e8b22e') in 0.008309 seconds 
Number of asset objects unloaded after import = 3
========================================================================
Received Import Request.
  Time since last request: 0.000017 seconds.
  path: Assets/2DBeginnerTutorialResources/Art/Tiles/FloorWaterSquareCorners_0.asset
  artifactKey: Guid(8c4cf078cd9a51d4bb32b950ada40b3a) Importer(815301076,1909f56bfc062723c751e8b465ee728b)
Number of updated assets reloaded before import = 0
Start importing Assets/2DBeginnerTutorialResources/Art/Tiles/FloorWaterSquareCorners_0.asset using Guid(8c4cf078cd9a51d4bb32b950ada40b3a) Importer(815301076,1909f56bfc062723c751e8b465ee728b)  -> (artifact id: 'e8987cb9072ce168506a540cc3df42da') in 0.007906 seconds 
Number of asset objects unloaded after import = 3
========================================================================
Received Import Request.
  Time since last request: 0.000012 seconds.
  path: Assets/2DBeginnerTutorialResources/Art/Tiles/FloorWaterRoundCorners_4.asset
  artifactKey: Guid(ab60aac294cc89f4abe2897f912d05db) Importer(815301076,1909f56bfc062723c751e8b465ee728b)
Number of updated assets reloaded before import = 0
Start importing Assets/2DBeginnerTutorialResources/Art/Tiles/FloorWaterRoundCorners_4.asset using Guid(ab60aac294cc89f4abe2897f912d05db) Importer(815301076,1909f56bfc062723c751e8b465ee728b)  -> (artifact id: 'caaf32eed42f8b0569ff8277a0529b05') in 0.008846 seconds 
Number of asset objects unloaded after import = 3
Editor requested this worker to shutdown with reason: Scaling down because of idle timeout
AssetImportWorker is now disconnected from the server
Process exiting
Exiting without the bug reporter. Application will terminate with return code 0