Using pre-set license
Built from '2021.3/staging' branch; Version is '2021.3.31f1 (3409e2af086f) revision 3410402'; Using compiler version '192829333'; Build Type 'Release'
OS: 'Windows 11  (10.0.22621) 64bit Core' Language: 'en' Physical Memory: 32581 MB
BatchMode: 1, IsHumanControllingUs: 0, StartBugReporterOnCrash: 0, Is64bit: 1, IsPro: 1

COMMAND LINE ARGUMENTS:
C:\Program Files\Unity\Hub\Editor\2021.3.31f1\Editor\Unity.exe
-adb2
-batchMode
-noUpm
-name
AssetImportWorker6
-projectPath
C:/Users/fyivg/Ruby's Adventure Assignment
-logFile
Logs/AssetImportWorker6.log
-srvPort
55666
Successfully changed project path to: C:/Users/fyivg/Ruby's Adventure Assignment
C:/Users/fyivg/Ruby's Adventure Assignment
[UnityMemory] Configuration Parameters - Can be set up in boot.config
    "memorysetup-bucket-allocator-granularity=16"
    "memorysetup-bucket-allocator-bucket-count=8"
    "memorysetup-bucket-allocator-block-size=33554432"
    "memorysetup-bucket-allocator-block-count=8"
    "memorysetup-main-allocator-block-size=16777216"
    "memorysetup-thread-allocator-block-size=16777216"
    "memorysetup-gfx-main-allocator-block-size=16777216"
    "memorysetup-gfx-thread-allocator-block-size=16777216"
    "memorysetup-cache-allocator-block-size=4194304"
    "memorysetup-typetree-allocator-block-size=2097152"
    "memorysetup-profiler-bucket-allocator-granularity=16"
    "memorysetup-profiler-bucket-allocator-bucket-count=8"
    "memorysetup-profiler-bucket-allocator-block-size=33554432"
    "memorysetup-profiler-bucket-allocator-block-count=8"
    "memorysetup-profiler-allocator-block-size=16777216"
    "memorysetup-profiler-editor-allocator-block-size=1048576"
    "memorysetup-temp-allocator-size-main=16777216"
    "memorysetup-job-temp-allocator-block-size=2097152"
    "memorysetup-job-temp-allocator-block-size-background=1048576"
    "memorysetup-job-temp-allocator-reduction-small-platforms=262144"
    "memorysetup-temp-allocator-size-background-worker=32768"
    "memorysetup-temp-allocator-size-job-worker=262144"
    "memorysetup-temp-allocator-size-preload-manager=33554432"
    "memorysetup-temp-allocator-size-nav-mesh-worker=65536"
    "memorysetup-temp-allocator-size-audio-worker=65536"
    "memorysetup-temp-allocator-size-cloud-worker=32768"
    "memorysetup-temp-allocator-size-gi-baking-worker=262144"
    "memorysetup-temp-allocator-size-gfx=262144"
Player connection [28636] Host "[IP] 10.40.53.31 [Port] 0 [Flags] 2 [Guid] 423902499 [EditorId] 423902499 [Version] 1048832 [Id] WindowsEditor(7,Jonathan) [Debug] 1 [PackageName] WindowsEditor [ProjectName] Editor" joined multi-casting on [225.0.0.222:54997]...

Player connection [28636] Host "[IP] 10.40.53.31 [Port] 0 [Flags] 2 [Guid] 423902499 [EditorId] 423902499 [Version] 1048832 [Id] WindowsEditor(7,Jonathan) [Debug] 1 [PackageName] WindowsEditor [ProjectName] Editor" joined alternative multi-casting on [225.0.0.222:34997]...

[Physics::Module] Initialized MultithreadedJobDispatcher with {0} workers.
Refreshing native plugins compatible for Editor in 74.63 ms, found 4 plugins.
Preloading 0 native plugins for Editor in 0.00 ms.
Initialize engine version: 2021.3.31f1 (3409e2af086f)
[Subsystems] Discovering subsystems at path C:/Program Files/Unity/Hub/Editor/2021.3.31f1/Editor/Data/Resources/UnitySubsystems
[Subsystems] Discovering subsystems at path C:/Users/fyivg/Ruby's Adventure Assignment/Assets
GfxDevice: creating device client; threaded=0; jobified=0
Direct3D:
    Version:  Direct3D 11.0 [level 11.1]
    Renderer: NVIDIA GeForce RTX 3060 (ID=0x2504)
    Vendor:   NVIDIA
    VRAM:     12129 MB
    Driver:   31.0.15.3179
Initialize mono
Mono path[0] = 'C:/Program Files/Unity/Hub/Editor/2021.3.31f1/Editor/Data/Managed'
Mono path[1] = 'C:/Program Files/Unity/Hub/Editor/2021.3.31f1/Editor/Data/MonoBleedingEdge/lib/mono/unityjit-win32'
Mono config path = 'C:/Program Files/Unity/Hub/Editor/2021.3.31f1/Editor/Data/MonoBleedingEdge/etc'
Using monoOptions --debugger-agent=transport=dt_socket,embedding=1,server=y,suspend=n,address=127.0.0.1:56960
Begin MonoManager ReloadAssembly
Registering precompiled unity dll's ...
Register platform support module: C:/Program Files/Unity/Hub/Editor/2021.3.31f1/Editor/Data/PlaybackEngines/WindowsStandaloneSupport/UnityEditor.WindowsStandalone.Extensions.dll
Registered in 0.003694 seconds.
Native extension for WindowsStandalone target not found
Refreshing native plugins compatible for Editor in 62.30 ms, found 4 plugins.
Preloading 0 native plugins for Editor in 0.00 ms.
Mono: successfully reloaded assembly
- Completed reload, in  0.410 seconds
Domain Reload Profiling:
	ReloadAssembly (410ms)
		BeginReloadAssembly (63ms)
			ExecutionOrderSort (0ms)
			DisableScriptedObjects (0ms)
			BackupInstance (0ms)
			ReleaseScriptingObjects (0ms)
			CreateAndSetChildDomain (0ms)
		EndReloadAssembly (287ms)
			LoadAssemblies (61ms)
			RebuildTransferFunctionScriptingTraits (0ms)
			SetupTypeCache (62ms)
			ReleaseScriptCaches (0ms)
			RebuildScriptCaches (16ms)
			SetupLoadedEditorAssemblies (182ms)
				LogAssemblyErrors (0ms)
				InitializePlatformSupportModulesInManaged (5ms)
				SetLoadedEditorAssemblies (0ms)
				RefreshPlugins (62ms)
				BeforeProcessingInitializeOnLoad (1ms)
				ProcessInitializeOnLoadAttributes (83ms)
				ProcessInitializeOnLoadMethodAttributes (30ms)
				AfterProcessingInitializeOnLoad (0ms)
				EditorAssembliesLoaded (0ms)
			ExecutionOrderSort2 (0ms)
			AwakeInstancesAfterBackupRestoration (0ms)
Platform modules already initialized, skipping
Registering precompiled user dll's ...
Registered in 0.005856 seconds.
Begin MonoManager ReloadAssembly
Native extension for WindowsStandalone target not found
Refreshing native plugins compatible for Editor in 63.62 ms, found 4 plugins.
Preloading 0 native plugins for Editor in 0.00 ms.
Package Manager log level set to [2]
[Package Manager] Server::EnsureServerProcessIsRunning -- launch failed, reason: Unity was launched with the -noUpm command-line argument
[Package Manager] Cannot connect to Unity Package Manager local server
Mono: successfully reloaded assembly
- Completed reload, in  1.143 seconds
Domain Reload Profiling:
	ReloadAssembly (1143ms)
		BeginReloadAssembly (85ms)
			ExecutionOrderSort (0ms)
			DisableScriptedObjects (3ms)
			BackupInstance (0ms)
			ReleaseScriptingObjects (0ms)
			CreateAndSetChildDomain (12ms)
		EndReloadAssembly (991ms)
			LoadAssemblies (73ms)
			RebuildTransferFunctionScriptingTraits (0ms)
			SetupTypeCache (169ms)
			ReleaseScriptCaches (0ms)
			RebuildScriptCaches (40ms)
			SetupLoadedEditorAssemblies (701ms)
				LogAssemblyErrors (0ms)
				InitializePlatformSupportModulesInManaged (3ms)
				SetLoadedEditorAssemblies (0ms)
				RefreshPlugins (64ms)
				BeforeProcessingInitializeOnLoad (68ms)
				ProcessInitializeOnLoadAttributes (499ms)
				ProcessInitializeOnLoadMethodAttributes (62ms)
				AfterProcessingInitializeOnLoad (5ms)
				EditorAssembliesLoaded (0ms)
			ExecutionOrderSort2 (0ms)
			AwakeInstancesAfterBackupRestoration (5ms)
Platform modules already initialized, skipping
========================================================================
Worker process is ready to serve import requests
Launched and connected shader compiler UnityShaderCompiler.exe after 0.04 seconds
Refreshing native plugins compatible for Editor in 0.53 ms, found 4 plugins.
Preloading 0 native plugins for Editor in 0.00 ms.
Unloading 5244 Unused Serialized files (Serialized files now loaded: 0)
Unloading 41 unused Assets / (0.7 MB). Loaded Objects now: 5698.
Memory consumption went from 205.0 MB to 204.3 MB.
Total: 2.222100 ms (FindLiveObjects: 0.225200 ms CreateObjectMapping: 0.103700 ms MarkObjects: 1.707300 ms  DeleteObjects: 0.185300 ms)

AssetImportParameters requested are different than current active one (requested -> active):
  custom:video-decoder-ogg-theora: a1e56fd34408186e4bbccfd4996cb3dc -> 
  custom:container-muxer-webm: aa71ff27fc2769a1b78a27578f13a17b -> 
  custom:container-demuxer-webm: 4f35f7cbe854078d1ac9338744f61a02 -> 
  custom:video-encoder-webm-vp8: eb34c28f22e8b96e1ab97ce403110664 -> 
  custom:video-codec-MediaFoundation-h265: 746d11721c4dcdbdad8f713fa42b33f4 -> 
  custom:CustomObjectIndexerAttribute: 6b0e35c9178b02a6363f3721b7b8e397 -> 
  custom:audio-encoder-webm-vorbis: bf7c407c2cedff20999df2af8eb42d56 -> 
  custom:framework-win-MediaFoundation: 216162199b28c13a410421893ffa2e32 -> 
  custom:SearchIndexIgnoredProperties: e643bd26f0fe6173181afceb89e7c659 -> 
  custom:container-demuxer-ogg: 62fdf1f143b41e24485cea50d1cbac27 -> 
  custom:video-decoder-webm-vp8: 9c59270c3fd7afecdb556c50c9e8de78 -> 
  custom:audio-decoder-ogg-vorbis: bf7c407c2cedff20999df2af8eb42d56 -> 
========================================================================
Received Import Request.
  Time since last request: 1070407.951174 seconds.
  path: Assets/2DBeginnerTutorialResources/Art/Tiles/FloorBricksToGrassCorner_1.asset
  artifactKey: Guid(90d70a2bd4f6057489f2a379bd22be11) Importer(2089858483,0ecaa5967403d082aa24f35e1b516d23)
Number of updated assets reloaded before import = 0
Start importing Assets/2DBeginnerTutorialResources/Art/Tiles/FloorBricksToGrassCorner_1.asset using Guid(90d70a2bd4f6057489f2a379bd22be11) Importer(2089858483,0ecaa5967403d082aa24f35e1b516d23) Generated GUIDs only implemented for interfaces!
 -> (artifact id: 'c8430d1c50c774ab1b98cc5092d63bee') in 0.138262 seconds 
Number of asset objects unloaded after import = 2
========================================================================
Received Import Request.
  Time since last request: 19.051255 seconds.
  path: Assets/2DBeginnerTutorialResources/Art/Tiles/FloorBricksToGrassCorner_3.asset
  artifactKey: Guid(576a896dd8aa56c46beef09f28bbab86) Importer(815301076,1909f56bfc062723c751e8b465ee728b)
Number of updated assets reloaded before import = 0
Start importing Assets/2DBeginnerTutorialResources/Art/Tiles/FloorBricksToGrassCorner_3.asset using Guid(576a896dd8aa56c46beef09f28bbab86) Importer(815301076,1909f56bfc062723c751e8b465ee728b)  -> (artifact id: 'df4db06e82b3f6860a5cd5b3bdfa6420') in 0.029532 seconds 
Number of asset objects unloaded after import = 3
========================================================================
Received Import Request.
  Time since last request: 0.000019 seconds.
  path: Assets/2DBeginnerTutorialResources/Art/Tiles/GamePalette.prefab
  artifactKey: Guid(1075a0cdf887dcf408daf8e3e7915ebe) Importer(815301076,1909f56bfc062723c751e8b465ee728b)
Number of updated assets reloaded before import = 0
Start importing Assets/2DBeginnerTutorialResources/Art/Tiles/GamePalette.prefab using Guid(1075a0cdf887dcf408daf8e3e7915ebe) Importer(815301076,1909f56bfc062723c751e8b465ee728b)  -> (artifact id: 'e3bbf2e59afdff49b28d40e38cc593de') in 0.044161 seconds 
Number of asset objects unloaded after import = 32
========================================================================
Received Import Request.
  Time since last request: 57.149078 seconds.
  path: Assets/2DBeginnerTutorialResources/Art/Tiles/FloorBricksToGrassSquare_2.asset
  artifactKey: Guid(29050cc0fd5f94a478c323a18e98c87b) Importer(2089858483,0ecaa5967403d082aa24f35e1b516d23)
Number of updated assets reloaded before import = 0
Start importing Assets/2DBeginnerTutorialResources/Art/Tiles/FloorBricksToGrassSquare_2.asset using Guid(29050cc0fd5f94a478c323a18e98c87b) Importer(2089858483,0ecaa5967403d082aa24f35e1b516d23) Generated GUIDs only implemented for interfaces!
 -> (artifact id: '2451e7723110745c734df8a38f23f648') in 0.011096 seconds 
Number of asset objects unloaded after import = 3
========================================================================
Received Import Request.
  Time since last request: 0.000025 seconds.
  path: Assets/2DBeginnerTutorialResources/Art/Tiles/GamePalette.prefab
  artifactKey: Guid(1075a0cdf887dcf408daf8e3e7915ebe) Importer(2089858483,0ecaa5967403d082aa24f35e1b516d23)
Number of updated assets reloaded before import = 0
Start importing Assets/2DBeginnerTutorialResources/Art/Tiles/GamePalette.prefab using Guid(1075a0cdf887dcf408daf8e3e7915ebe) Importer(2089858483,0ecaa5967403d082aa24f35e1b516d23) Generated GUIDs only implemented for interfaces!
 -> (artifact id: 'c43e8d517e954547d03c7089a2bb996a') in 0.020257 seconds 
Number of asset objects unloaded after import = 10
========================================================================
Received Import Request.
  Time since last request: 0.000013 seconds.
  path: Assets/2DBeginnerTutorialResources/Art/Tiles/FloorBricksToGrassSquare_7.asset
  artifactKey: Guid(858e9d9e6de68d749b26fd6a5bd59602) Importer(2089858483,0ecaa5967403d082aa24f35e1b516d23)
Number of updated assets reloaded before import = 0
Start importing Assets/2DBeginnerTutorialResources/Art/Tiles/FloorBricksToGrassSquare_7.asset using Guid(858e9d9e6de68d749b26fd6a5bd59602) Importer(2089858483,0ecaa5967403d082aa24f35e1b516d23) Generated GUIDs only implemented for interfaces!
 -> (artifact id: '5b09c182a868731362463bdf7ca7fe08') in 0.009715 seconds 
Number of asset objects unloaded after import = 3
========================================================================
Received Import Request.
  Time since last request: 31.277290 seconds.
  path: Assets/2DBeginnerTutorialResources/Art/Tiles/FloorGrassToBricksCorner_1.asset
  artifactKey: Guid(85b851a3f108ba548ba4ba00ebb49f06) Importer(2089858483,0ecaa5967403d082aa24f35e1b516d23)
Number of updated assets reloaded before import = 0
Start importing Assets/2DBeginnerTutorialResources/Art/Tiles/FloorGrassToBricksCorner_1.asset using Guid(85b851a3f108ba548ba4ba00ebb49f06) Importer(2089858483,0ecaa5967403d082aa24f35e1b516d23) Generated GUIDs only implemented for interfaces!
 -> (artifact id: '600c9973b678dfcc96b8ff7877c4f336') in 0.012820 seconds 
Number of asset objects unloaded after import = 3
========================================================================
Received Import Request.
  Time since last request: 0.000014 seconds.
  path: Assets/2DBeginnerTutorialResources/Art/Tiles/FloorGrassToBricksCorner_3.asset
  artifactKey: Guid(67e273a8bf71f3240a75ca9b0f8024bf) Importer(2089858483,0ecaa5967403d082aa24f35e1b516d23)
Number of updated assets reloaded before import = 0
Start importing Assets/2DBeginnerTutorialResources/Art/Tiles/FloorGrassToBricksCorner_3.asset using Guid(67e273a8bf71f3240a75ca9b0f8024bf) Importer(2089858483,0ecaa5967403d082aa24f35e1b516d23) Generated GUIDs only implemented for interfaces!
 -> (artifact id: 'd952a5841f0a4ed79460f6352506e19f') in 0.012796 seconds 
Number of asset objects unloaded after import = 3
========================================================================
Received Import Request.
  Time since last request: 25.640771 seconds.
  path: Assets/2DBeginnerTutorialResources/Art/Tiles/FloorGrassToBricksSquare_0.asset
  artifactKey: Guid(da8c2143f0220e9499492c672839ca03) Importer(2089858483,0ecaa5967403d082aa24f35e1b516d23)
Number of updated assets reloaded before import = 0
Start importing Assets/2DBeginnerTutorialResources/Art/Tiles/FloorGrassToBricksSquare_0.asset using Guid(da8c2143f0220e9499492c672839ca03) Importer(2089858483,0ecaa5967403d082aa24f35e1b516d23) Generated GUIDs only implemented for interfaces!
 -> (artifact id: '5e979fc1a56ee13c239e9cd72389d174') in 0.011495 seconds 
Number of asset objects unloaded after import = 3
========================================================================
Received Import Request.
  Time since last request: 0.000017 seconds.
  path: Assets/2DBeginnerTutorialResources/Art/Tiles/GamePalette.prefab
  artifactKey: Guid(1075a0cdf887dcf408daf8e3e7915ebe) Importer(2089858483,0ecaa5967403d082aa24f35e1b516d23)
Number of updated assets reloaded before import = 0
Start importing Assets/2DBeginnerTutorialResources/Art/Tiles/GamePalette.prefab using Guid(1075a0cdf887dcf408daf8e3e7915ebe) Importer(2089858483,0ecaa5967403d082aa24f35e1b516d23) Generated GUIDs only implemented for interfaces!
 -> (artifact id: 'f1490dd31d9b284e72b77e011b8480d5') in 0.009498 seconds 
Number of asset objects unloaded after import = 10
========================================================================
Received Import Request.
  Time since last request: 16.632072 seconds.
  path: Assets/2DBeginnerTutorialResources/Art/Tiles/FloorWaterRoundCorners_8.asset
  artifactKey: Guid(ffe611f12164c424ab9faf4c672f61be) Importer(2089858483,0ecaa5967403d082aa24f35e1b516d23)
Number of updated assets reloaded before import = 0
Start importing Assets/2DBeginnerTutorialResources/Art/Tiles/FloorWaterRoundCorners_8.asset using Guid(ffe611f12164c424ab9faf4c672f61be) Importer(2089858483,0ecaa5967403d082aa24f35e1b516d23) Generated GUIDs only implemented for interfaces!
 -> (artifact id: 'e884a162df6fcd7410bcba08ddd0b913') in 0.010261 seconds 
Number of asset objects unloaded after import = 3
========================================================================
Received Import Request.
  Time since last request: 0.000015 seconds.
  path: Assets/2DBeginnerTutorialResources/Art/Tiles/GamePalette.prefab
  artifactKey: Guid(1075a0cdf887dcf408daf8e3e7915ebe) Importer(2089858483,0ecaa5967403d082aa24f35e1b516d23)
Number of updated assets reloaded before import = 0
Start importing Assets/2DBeginnerTutorialResources/Art/Tiles/GamePalette.prefab using Guid(1075a0cdf887dcf408daf8e3e7915ebe) Importer(2089858483,0ecaa5967403d082aa24f35e1b516d23) Generated GUIDs only implemented for interfaces!
 -> (artifact id: 'fa178096bdf1cfbb2f919e26c00c3e9a') in 0.009687 seconds 
Number of asset objects unloaded after import = 10
========================================================================
Received Import Request.
  Time since last request: 21.987530 seconds.
  path: Assets/2DBeginnerTutorialResources/Art/Tiles/FloorWaterSquareCorners_7.asset
  artifactKey: Guid(8e737e2bf54cd3c499d95024139e59ac) Importer(2089858483,0ecaa5967403d082aa24f35e1b516d23)
Number of updated assets reloaded before import = 0
Start importing Assets/2DBeginnerTutorialResources/Art/Tiles/FloorWaterSquareCorners_7.asset using Guid(8e737e2bf54cd3c499d95024139e59ac) Importer(2089858483,0ecaa5967403d082aa24f35e1b516d23) Generated GUIDs only implemented for interfaces!
 -> (artifact id: '52f1863b4869335c362f27376996db76') in 0.014184 seconds 
Number of asset objects unloaded after import = 3
========================================================================
Received Import Request.
  Time since last request: 0.000012 seconds.
  path: Assets/2DBeginnerTutorialResources/Art/Tiles/FloorWaterSquareCorners_3.asset
  artifactKey: Guid(c6ed0a1bcb1d0634c8545c3c752f43fc) Importer(2089858483,0ecaa5967403d082aa24f35e1b516d23)
Number of updated assets reloaded before import = 0
Start importing Assets/2DBeginnerTutorialResources/Art/Tiles/FloorWaterSquareCorners_3.asset using Guid(c6ed0a1bcb1d0634c8545c3c752f43fc) Importer(2089858483,0ecaa5967403d082aa24f35e1b516d23) Generated GUIDs only implemented for interfaces!
 -> (artifact id: '15ba02d6b5a20e6a47eca1f3b1f5cf87') in 0.010246 seconds 
Number of asset objects unloaded after import = 3
Editor requested this worker to shutdown with reason: Scaling down because of idle timeout
AssetImportWorker is now disconnected from the server
Process exiting
Exiting without the bug reporter. Application will terminate with return code 0